<?xml version="1.0" encoding="UTF-8" ?>
<testsuite tests="7" failures="0" name="gocamping.AppTest" time="3.02" errors="0" skipped="0">
  <properties>
    <property name="java.runtime.name" value="OpenJDK Runtime Environment"/>
    <property name="java.vm.version" value="18.0.2-ea+9-Ubuntu-222.04"/>
    <property name="sun.boot.library.path" value="/usr/lib/jvm/java-18-openjdk-amd64/lib"/>
    <property name="maven.multiModuleProjectDirectory" value="/home/victor.aragao/GoCamping"/>
    <property name="java.vm.vendor" value="Private Build"/>
    <property name="java.vendor.url" value="Unknown"/>
    <property name="guice.disable.misplaced.annotation.check" value="true"/>
    <property name="path.separator" value=":"/>
    <property name="java.vm.name" value="OpenJDK 64-Bit Server VM"/>
    <property name="user.country" value="BR"/>
    <property name="sun.java.launcher" value="SUN_STANDARD"/>
    <property name="java.vm.specification.name" value="Java Virtual Machine Specification"/>
    <property name="user.dir" value="/home/victor.aragao/GoCamping"/>
    <property name="java.vm.compressedOopsMode" value="Zero based"/>
    <property name="java.runtime.version" value="18.0.2-ea+9-Ubuntu-222.04"/>
    <property name="os.arch" value="amd64"/>
    <property name="java.io.tmpdir" value="/tmp"/>
    <property name="line.separator" value="
"/>
    <property name="java.vm.specification.vendor" value="Oracle Corporation"/>
    <property name="os.name" value="Linux"/>
    <property name="classworlds.conf" value="/home/victor.aragao/Downloads/apache-maven-3.8.6/bin/m2.conf"/>
    <property name="sun.jnu.encoding" value="UTF-8"/>
    <property name="java.library.path" value="/usr/java/packages/lib:/usr/lib/x86_64-linux-gnu/jni:/lib/x86_64-linux-gnu:/usr/lib/x86_64-linux-gnu:/usr/lib/jni:/lib:/usr/lib"/>
    <property name="maven.conf" value="/home/victor.aragao/Downloads/apache-maven-3.8.6/conf"/>
    <property name="jdk.debug" value="release"/>
    <property name="java.class.version" value="62.0"/>
    <property name="java.specification.name" value="Java Platform API Specification"/>
    <property name="sun.management.compiler" value="HotSpot 64-Bit Tiered Compilers"/>
    <property name="os.version" value="5.15.0-56-generic"/>
    <property name="library.jansi.path" value="/home/victor.aragao/Downloads/apache-maven-3.8.6/lib/jansi-native"/>
    <property name="user.home" value="/home/victor.aragao"/>
    <property name="user.timezone" value="America/Sao_Paulo"/>
    <property name="file.encoding" value="UTF-8"/>
    <property name="java.specification.version" value="18"/>
    <property name="user.name" value="victor.aragao"/>
    <property name="java.class.path" value="/home/victor.aragao/Downloads/apache-maven-3.8.6/boot/plexus-classworlds-2.6.0.jar"/>
    <property name="java.vm.specification.version" value="18"/>
    <property name="sun.arch.data.model" value="64"/>
    <property name="sun.java.command" value="org.codehaus.plexus.classworlds.launcher.Launcher test"/>
    <property name="java.home" value="/usr/lib/jvm/java-18-openjdk-amd64"/>
    <property name="user.language" value="pt"/>
    <property name="java.specification.vendor" value="Oracle Corporation"/>
    <property name="java.vm.info" value="mixed mode, sharing"/>
    <property name="java.version" value="18.0.2-ea"/>
    <property name="native.encoding" value="UTF-8"/>
    <property name="java.vendor" value="Private Build"/>
    <property name="sun.stderr.encoding" value="UTF-8"/>
    <property name="maven.home" value="/home/victor.aragao/Downloads/apache-maven-3.8.6"/>
    <property name="file.separator" value="/"/>
    <property name="java.version.date" value="2022-07-19"/>
    <property name="java.vendor.url.bug" value="Unknown"/>
    <property name="sun.io.unicode.encoding" value="UnicodeLittle"/>
    <property name="sun.cpu.endian" value="little"/>
    <property name="sun.stdout.encoding" value="UTF-8"/>
  </properties>
  <testcase classname="gocamping.AppTest" name="testAddItemExectQuantityOfBagCapacity" time="0.01"/>
  <testcase classname="gocamping.AppTest" name="testAddItemMoreQuantityOfBagCapacityLeft" time="0"/>
  <testcase classname="gocamping.AppTest" name="testExpectedItemNotListed" time="1.507"/>
  <testcase classname="gocamping.AppTest" name="testAddItemSmallerThanBagCapacity" time="0.001"/>
  <testcase classname="gocamping.AppTest" name="testAddItemBiggerThanBagCapacity" time="0"/>
  <testcase classname="gocamping.AppTest" name="testApp" time="0"/>
  <testcase classname="gocamping.AppTest" name="testExpectedItemListed" time="1.502"/>
</testsuite>